\BOOKMARK [0][-]{chapter*.1}{\376\377\144\130\211\201}{}% 1
\BOOKMARK [0][-]{chapter.1}{\376\377\174\041\116\313}{}% 2
\BOOKMARK [1][-]{section.1.1}{\376\377\145\260\233\256\172\013\136\246\122\044\133\232}{chapter.1}% 3
\BOOKMARK [1][-]{section.1.2}{\376\377\201\120\145\127\166\204\162\171\137\265}{chapter.1}% 4
\BOOKMARK [1][-]{section.1.3}{\376\377\230\020\212\010\170\024\172\166\125\117\230\114}{chapter.1}% 5
\BOOKMARK [0][-]{chapter.2}{\376\377\166\370\225\334\141\311\165\050}{}% 6
\BOOKMARK [1][-]{section.2.1}{\376\377\226\373\133\120\237\073}{chapter.2}% 7
\BOOKMARK [1][-]{section.2.2}{\376\377\000A\000l\000p\000l\000a\000\040\000M\000O\000S}{chapter.2}% 8
\BOOKMARK [1][-]{section.2.3}{\376\377\141\037\167\345\153\324\217\003\133\346\232\127}{chapter.2}% 9
\BOOKMARK [1][-]{section.2.4}{\376\377\154\043\124\163\141\037\156\054\126\150\133\346\117\213\141\311\165\050}{chapter.2}% 10
\BOOKMARK [2][-]{subsection.2.4.1}{\376\377\154\271\173\241\157\017\154\271\116\213\116\366}{section.2.4}% 11
\BOOKMARK [2][-]{subsection.2.4.2}{\376\377\217\246\121\154\131\047\152\023\133\244\121\147\172\172\154\043\165\160\124\163\116\213\116\366}{section.2.4}% 12
\BOOKMARK [2][-]{subsection.2.4.3}{\376\377\177\212\116\163\144\173\162\133\116\163\116\213\116\366}{section.2.4}% 13
\BOOKMARK [0][-]{chapter.3}{\376\377\170\024\172\166\145\271\154\325}{}% 14
\BOOKMARK [1][-]{section.3.1}{\376\377\166\356\152\031}{chapter.3}% 15
\BOOKMARK [1][-]{section.3.2}{\376\377\145\271\154\325\123\312\153\145\232\137}{chapter.3}% 16
\BOOKMARK [1][-]{section.3.3}{\376\377\133\346\232\127\212\055\120\231\202\007\117\134\151\155\164\260\130\203}{chapter.3}% 17
\BOOKMARK [2][-]{subsection.3.3.1}{\376\377\141\037\156\054\126\150}{section.3.3}% 18
\BOOKMARK [2][-]{subsection.3.3.2}{\376\377\143\247\122\066\147\177}{section.3.3}% 19
\BOOKMARK [2][-]{subsection.3.3.3}{\376\377\000M\000L\152\041\127\213}{section.3.3}% 20
\BOOKMARK [0][-]{chapter.4}{\376\377\170\024\172\166\175\120\147\234}{}% 21
\BOOKMARK [1][-]{section.4.1}{\376\377\141\037\156\054\126\150\152\242\156\054\162\300\154\301}{chapter.4}% 22
\BOOKMARK [1][-]{section.4.2}{\376\377\152\041\127\213\156\226\170\272\136\246}{chapter.4}% 23
\BOOKMARK [1][-]{section.4.3}{\376\377\212\055\120\231\131\026\127\213}{chapter.4}% 24
\BOOKMARK [0][-]{chapter.5}{\376\377\175\120\212\326}{}% 25
\BOOKMARK [0][-]{chapter.5}{\376\377\123\303\200\003\145\207\163\173}{}% 26
